This is XeTeX, Version 3.14159265-2.6-0.999992 (MiKTeX 2.9.7350 64-bit) (preloaded format=xelatex 2020.4.9)  13 APR 2020 21:27
entering extended mode
**^^@q
("C:\Program Files\MiKTeX 2.9\tex/latex/tools\q.tex"
! Interruption.
<to be read again> 
                   \begingroup 
l.1 
    %%
?       exit
Type <return> to proceed, S to scroll future error messages,
R to run without stopping, Q to run quietly,
I to insert something, E to edit your file,
H for help, X to quit.
? X
 
Here is how much of TeX's memory you used:
 5 strings out of 414221
 57 string characters out of 2902596
 245057 words of memory out of 3000000
 17602 multiletter control sequences out of 15000+200000
 532338 words of font info for 24 fonts, out of 3000000 for 9000
 1348 hyphenation exceptions out of 8191
 3i,0n,1p,18b,6s stack positions out of 5000i,500n,10000p,200000b,50000s
No pages of output.
